<?xml version="1.0" encoding="UTF-8"?>
<!-- Generated by org.testng.reporters.JUnitXMLReporter -->
<testsuite ignored="0" hostname="dvtcstests048" failures="1" tests="1" name="Test66" time="515.068" errors="0" timestamp="2024-05-09T19:20:22 IST">
  <testcase classname="testscripts.scenario1.MotorPolicyScenario3_Turva" name="runTC1" time="514.707">
    <failure type="java.lang.AssertionError" message="Value from PC &amp;apos;1.542,43&amp;apos; Not matches Value from application &amp;apos;1 542,43&amp;apos;">
      <![CDATA[java.lang.AssertionError: Value from PC '1.542,43' Not matches Value from application '1 542,43'
at supportlibraries.DriverScript.wrapUp(DriverScript.java:658)
at supportlibraries.DriverScript.driveTestExecution(DriverScript.java:121)
at testscripts.scenario1.MotorPolicyScenario3_Turva.runTC1(MotorPolicyScenario3_Turva.java:30)
at java.base/java.util.ArrayList.forEach(ArrayList.java:1511)
at java.base/java.util.concurrent.FutureTask.run(FutureTask.java:264)
at java.base/java.util.concurrent.ThreadPoolExecutor.runWorker(ThreadPoolExecutor.java:1136)
at java.base/java.util.concurrent.ThreadPoolExecutor$Worker.run(ThreadPoolExecutor.java:635)
at java.base/java.lang.Thread.run(Thread.java:842)
... Removed 18 stack frames]]>
    </failure>
  </testcase> <!-- runTC1 -->
</testsuite> <!-- Test66 -->
