<?xml version="1.0" encoding="UTF-8"?>
<!-- Generated by org.testng.reporters.JUnitXMLReporter -->
<testsuite ignored="0" hostname="dvtcstests048" failures="1" tests="1" name="Test20" time="0.107" errors="0" timestamp="2024-04-16T15:50:44 IST">
  <testcase classname="testscripts.scenario1.Vandalism_PH_DamageCausedByUnknownVehicle_TU" name="runTC1" time="0.097">
    <failure type="java.lang.NullPointerException" message="Cannot invoke &amp;quot;org.apache.poi.xssf.usermodel.XSSFRow.getCell(int)&amp;quot; because &amp;quot;row&amp;quot; is null">
      <![CDATA[java.lang.NullPointerException: Cannot invoke "org.apache.poi.xssf.usermodel.XSSFRow.getCell(int)" because "row" is null
at com.LT.framework.ExcelDataAccess.getRowNum(ExcelDataAccess.java:170)
at com.LT.framework.ExcelDataAccess.getRowNum(ExcelDataAccess.java:222)
at supportlibraries.DriverScript.initializeTestIterations(DriverScript.java:188)
at supportlibraries.DriverScript.driveTestExecution(DriverScript.java:108)
at testscripts.scenario1.Vandalism_PH_DamageCausedByUnknownVehicle_TU.runTC1(Vandalism_PH_DamageCausedByUnknownVehicle_TU.java:30)
at java.base/java.util.ArrayList.forEach(ArrayList.java:1511)
at java.base/java.util.concurrent.FutureTask.run(FutureTask.java:264)
at java.base/java.util.concurrent.ThreadPoolExecutor.runWorker(ThreadPoolExecutor.java:1136)
at java.base/java.util.concurrent.ThreadPoolExecutor$Worker.run(ThreadPoolExecutor.java:635)
at java.base/java.lang.Thread.run(Thread.java:842)
... Removed 17 stack frames]]>
    </failure>
  </testcase> <!-- runTC1 -->
</testsuite> <!-- Test20 -->
