<?xml version="1.0" encoding="UTF-8"?>
<!-- Generated by org.testng.reporters.JUnitXMLReporter -->
<testsuite ignored="0" hostname="dvtcstests048" failures="1" tests="1" name="Test3" time="497.088" errors="0" timestamp="2024-04-16T14:03:45 IST">
  <testcase classname="testscripts.scenario1.NaturalPhenomenonS3_TU" name="runTC1" time="496.992">
    <failure type="java.lang.AssertionError" message="element click intercepted: Element &amp;lt;div role=&amp;quot;menuitem&amp;quot; class=&amp;quot;gw-action--inner gw-hasDivider&amp;quot; aria-haspopup=&amp;quot;true&amp;quot; aria-disabled=&amp;quot;false&amp;quot; aria-expanded=&amp;quot;false&amp;quot; data-gw-click=&amp;quot;fireEvent id:^&amp;quot; data-gw-shortcut=&amp;quot;{&amp;amp;quot;id&amp;amp;quot;:&amp;amp;quot;TabBar-SearchTab&amp;amp;quot;,&amp;amp;quot;key&amp;amp;quot;:&amp;amp;quot;H&amp;amp;quot;,&amp;amp;quot;op&amp;amp;quot;:&amp;amp;quot;openmenu&amp;amp;quot;,&amp;amp;quot;panel&amp;amp;quot;:&amp;amp;quot;N&amp;amp;quot;}&amp;quot; tabindex=&amp;quot;0&amp;quot;&amp;gt;...&amp;lt;/div&amp;gt; is not clickable at point (563, 20). Other element would receive the click: &amp;lt;div class=&amp;quot;gw-click-overlay gw-disable-click&amp;quot; id=&amp;quot;gw-click-overlay&amp;quot;&amp;gt;&amp;lt;/div&amp;gt;
  (Session info: chrome=123.0.6312.59)
Build info: version: &amp;apos;4.8.0&amp;apos;, revision: &amp;apos;267030adea&amp;apos;
System info: os.name: &amp;apos;Windows 10&amp;apos;, os.arch: &amp;apos;amd64&amp;apos;, os.version: &amp;apos;10.0&amp;apos;, java.version: &amp;apos;17.0.9&amp;apos;
Driver info: org.openqa.selenium.remote.RemoteWebDriver
Command: [9b676bac7342542bc4439f755866c33648cb6990, clickElement {id=f.3A33D6F4C2CF67371EC7957FCBF6807D.d.61F3F867A38EA98CA39914A79C26F6E1.e.38}]
Capabilities {acceptInsecureCerts: true, browserName: chrome, browserVersion: 123.0.6312.59, chrome: {chromedriverVersion: 123.0.6312.58 (6b4b19e9dfbb..., userDataDir: C:\Windows\proxy\scoped_dir...}, fedcm:accounts: true, goog:chromeOptions: {debuggerAddress: localhost:9222}, networkConnectionEnabled: false, pageLoadStrategy: normal, platformName: WINDOWS, proxy: Proxy(), setWindowRect: true, strictFileInteractability: false, timeouts: {implicit: 0, pageLoad: 300000, script: 30000}, unhandledPromptBehavior: dismiss and notify, webauthn:extension:credBlob: true, webauthn:extension:largeBlob: true, webauthn:extension:minPinLength: true, webauthn:extension:prf: true, webauthn:virtualAuthenticators: true, webdriver.remote.sessionid: 9b676bac7342542bc4439f75586...}
Element: [[RemoteWebDriver: chrome on WINDOWS (9b676bac7342542bc4439f755866c33648cb6990)] -&amp;gt; xpath: //*[@id=&amp;apos;TabBar-SearchTab&amp;apos;]/div[1]]
Session ID: 9b676bac7342542bc4439f755866c33648cb6990">
      <![CDATA[java.lang.AssertionError: element click intercepted: Element <div role="menuitem" class="gw-action--inner gw-hasDivider" aria-haspopup="true" aria-disabled="false" aria-expanded="false" data-gw-click="fireEvent id:^" data-gw-shortcut="{&quot;id&quot;:&quot;TabBar-SearchTab&quot;,&quot;key&quot;:&quot;H&quot;,&quot;op&quot;:&quot;openmenu&quot;,&quot;panel&quot;:&quot;N&quot;}" tabindex="0">...</div> is not clickable at point (563, 20). Other element would receive the click: <div class="gw-click-overlay gw-disable-click" id="gw-click-overlay"></div>
  (Session info: chrome=123.0.6312.59)
Build info: version: '4.8.0', revision: '267030adea'
System info: os.name: 'Windows 10', os.arch: 'amd64', os.version: '10.0', java.version: '17.0.9'
Driver info: org.openqa.selenium.remote.RemoteWebDriver
Command: [9b676bac7342542bc4439f755866c33648cb6990, clickElement {id=f.3A33D6F4C2CF67371EC7957FCBF6807D.d.61F3F867A38EA98CA39914A79C26F6E1.e.38}]
Capabilities {acceptInsecureCerts: true, browserName: chrome, browserVersion: 123.0.6312.59, chrome: {chromedriverVersion: 123.0.6312.58 (6b4b19e9dfbb..., userDataDir: C:\Windows\proxy\scoped_dir...}, fedcm:accounts: true, goog:chromeOptions: {debuggerAddress: localhost:9222}, networkConnectionEnabled: false, pageLoadStrategy: normal, platformName: WINDOWS, proxy: Proxy(), setWindowRect: true, strictFileInteractability: false, timeouts: {implicit: 0, pageLoad: 300000, script: 30000}, unhandledPromptBehavior: dismiss and notify, webauthn:extension:credBlob: true, webauthn:extension:largeBlob: true, webauthn:extension:minPinLength: true, webauthn:extension:prf: true, webauthn:virtualAuthenticators: true, webdriver.remote.sessionid: 9b676bac7342542bc4439f75586...}
Element: [[RemoteWebDriver: chrome on WINDOWS (9b676bac7342542bc4439f755866c33648cb6990)] -> xpath: //*[@id='TabBar-SearchTab']/div[1]]
Session ID: 9b676bac7342542bc4439f755866c33648cb6990
at supportlibraries.DriverScript.wrapUp(DriverScript.java:658)
at supportlibraries.DriverScript.driveTestExecution(DriverScript.java:121)
at testscripts.scenario1.NaturalPhenomenonS3_TU.runTC1(NaturalPhenomenonS3_TU.java:37)
at java.base/java.util.ArrayList.forEach(ArrayList.java:1511)
at java.base/java.util.concurrent.FutureTask.run(FutureTask.java:264)
at java.base/java.util.concurrent.ThreadPoolExecutor.runWorker(ThreadPoolExecutor.java:1136)
at java.base/java.util.concurrent.ThreadPoolExecutor$Worker.run(ThreadPoolExecutor.java:635)
at java.base/java.lang.Thread.run(Thread.java:842)
... Removed 18 stack frames]]>
    </failure>
  </testcase> <!-- runTC1 -->
</testsuite> <!-- Test3 -->
