<?xml version="1.0" encoding="UTF-8"?>
<!-- Generated by org.testng.reporters.JUnitXMLReporter -->
<testsuite ignored="0" hostname="dvtcstests048" failures="1" tests="1" name="Test22" time="86.048" errors="0" timestamp="2024-03-27T16:22:16 IST">
  <testcase classname="testscripts.scenario1.GeneralValidations_TU" name="runTC1" time="85.924">
    <failure type="java.lang.NullPointerException" message="Cannot invoke &amp;quot;com.LT.framework.selenium.SeleniumReport.updateTestLog(String, String, com.LT.framework.Status)&amp;quot; because &amp;quot;this.report&amp;quot; is null">
      <![CDATA[java.lang.NullPointerException: Cannot invoke "com.LT.framework.selenium.SeleniumReport.updateTestLog(String, String, com.LT.framework.Status)" because "this.report" is null
at supportlibraries.ZephyrUtils.getSessionId(ZephyrUtils.java:156)
at supportlibraries.DriverScript.setJiraStatus(DriverScript.java:688)
at supportlibraries.DriverScript.wrapUp(DriverScript.java:656)
at supportlibraries.DriverScript.driveTestExecution(DriverScript.java:121)
at testscripts.scenario1.GeneralValidations_TU.runTC1(GeneralValidations_TU.java:37)
at java.base/java.util.concurrent.ThreadPoolExecutor.runWorker(ThreadPoolExecutor.java:1136)
at java.base/java.util.concurrent.ThreadPoolExecutor$Worker.run(ThreadPoolExecutor.java:635)
at java.base/java.lang.Thread.run(Thread.java:842)
... Removed 12 stack frames]]>
    </failure>
  </testcase> <!-- runTC1 -->
</testsuite> <!-- Test22 -->
