<?xml version="1.0" encoding="UTF-8"?>
<!-- Generated by org.testng.reporters.JUnitXMLReporter -->
<testsuite ignored="0" hostname="dvtcstests048" failures="1" tests="1" name="Test1" time="384.594" errors="0" timestamp="2024-04-01T11:51:16 IST">
  <testcase classname="testscripts.scenario1.NaturalPhenomenonS1_LT" name="runTC1" time="384.355">
    <failure type="java.lang.NullPointerException" message="Cannot invoke &amp;quot;com.LT.framework.selenium.SeleniumReport.updateTestLog(String, String, com.LT.framework.Status)&amp;quot; because &amp;quot;this.report&amp;quot; is null">
      <![CDATA[java.lang.NullPointerException: Cannot invoke "com.LT.framework.selenium.SeleniumReport.updateTestLog(String, String, com.LT.framework.Status)" because "this.report" is null
at supportlibraries.ZephyrUtils.updateJIRAExecutionStatus(ZephyrUtils.java:402)
at supportlibraries.DriverScript.setJiraStatus(DriverScript.java:703)
at supportlibraries.DriverScript.wrapUp(DriverScript.java:656)
at supportlibraries.DriverScript.driveTestExecution(DriverScript.java:121)
at testscripts.scenario1.NaturalPhenomenonS1_LT.runTC1(NaturalPhenomenonS1_LT.java:37)
at java.base/java.util.ArrayList.forEach(ArrayList.java:1511)
at java.base/java.util.concurrent.FutureTask.run(FutureTask.java:264)
at java.base/java.util.concurrent.ThreadPoolExecutor.runWorker(ThreadPoolExecutor.java:1136)
at java.base/java.util.concurrent.ThreadPoolExecutor$Worker.run(ThreadPoolExecutor.java:635)
at java.base/java.lang.Thread.run(Thread.java:842)
... Removed 17 stack frames]]>
    </failure>
  </testcase> <!-- runTC1 -->
</testsuite> <!-- Test1 -->
