<?xml version="1.0" encoding="UTF-8"?>
<!-- Generated by org.testng.reporters.JUnitXMLReporter -->
<testsuite ignored="0" hostname="dvtcstests048" failures="1" tests="1" name="Test69" time="332.038" errors="0" timestamp="2024-04-16T12:59:30 IST">
  <testcase classname="testscripts.scenario1.CarDealer_RegisteredVan_VATI_LT" name="runTC1" time="331.856">
    <failure type="java.lang.AssertionError" message="Policy issuance fails">
      <![CDATA[java.lang.AssertionError: Policy issuance fails
at supportlibraries.DriverScript.wrapUp(DriverScript.java:658)
at supportlibraries.DriverScript.driveTestExecution(DriverScript.java:121)
at testscripts.scenario1.CarDealer_RegisteredVan_VATI_LT.runTC1(CarDealer_RegisteredVan_VATI_LT.java:37)
at java.base/java.util.ArrayList.forEach(ArrayList.java:1511)
at java.base/java.util.concurrent.FutureTask.run(FutureTask.java:264)
at java.base/java.util.concurrent.ThreadPoolExecutor.runWorker(ThreadPoolExecutor.java:1136)
at java.base/java.util.concurrent.ThreadPoolExecutor$Worker.run(ThreadPoolExecutor.java:635)
at java.base/java.lang.Thread.run(Thread.java:842)
... Removed 18 stack frames]]>
    </failure>
  </testcase> <!-- runTC1 -->
</testsuite> <!-- Test69 -->
